0 verbose cli [
0 verbose cli   '/home/shaki/.nvm/versions/node/v16.15.0/bin/node',
0 verbose cli   '/home/shaki/.nvm/versions/node/v16.15.0/bin/npm',
0 verbose cli   'test'
0 verbose cli ]
1 info using npm@8.5.5
2 info using node@v16.15.0
3 timing npm:load:whichnode Completed in 1ms
4 timing config:load:defaults Completed in 14ms
5 timing config:load:file:/home/shaki/.nvm/versions/node/v16.15.0/lib/node_modules/npm/npmrc Completed in 4ms
6 timing config:load:builtin Completed in 5ms
7 timing config:load:cli Completed in 9ms
8 timing config:load:env Completed in 2ms
9 timing config:load:file:/home/shaki/Development/code/prework/phase-0-completing-assignments/.npmrc Completed in 1ms
10 timing config:load:project Completed in 36ms
11 timing config:load:file:/home/shaki/.npmrc Completed in 1ms
12 timing config:load:user Completed in 2ms
13 timing config:load:file:/home/shaki/.nvm/versions/node/v16.15.0/etc/npmrc Completed in 1ms
14 timing config:load:global Completed in 1ms
15 timing config:load:validate Completed in 1ms
16 timing config:load:credentials Completed in 4ms
17 timing config:load:setEnvs Completed in 4ms
18 timing config:load Completed in 82ms
19 timing npm:load:configload Completed in 82ms
20 timing npm:load:setTitle Completed in 1ms
21 timing config:load:flatten Completed in 14ms
22 timing npm:load:display Completed in 23ms
23 verbose logfile /home/shaki/.npm/_logs/2022-05-28T08_49_05_972Z-debug-0.log
24 timing npm:load:logFile Completed in 24ms
25 timing npm:load:timers Completed in 0ms
26 timing npm:load:configScope Completed in 0ms
27 timing npm:load Completed in 136ms
28 timing command:run-script Completed in 2608ms
29 timing command:test Completed in 2619ms
30 verbose exit 0
31 timing npm Completed in 3341ms
32 info ok
