0 verbose cli [
0 verbose cli   '/home/shaki/.nvm/versions/node/v16.15.0/bin/node',
0 verbose cli   '/home/shaki/.nvm/versions/node/v16.15.0/bin/npm',
0 verbose cli   'view',
0 verbose cli   '--json',
0 verbose cli   'mocha-multi',
0 verbose cli   'description',
0 verbose cli   'dist-tags.latest',
0 verbose cli   'homepage',
0 verbose cli   'version'
0 verbose cli ]
1 info using npm@8.5.5
2 info using node@v16.15.0
3 timing npm:load:whichnode Completed in 0ms
4 timing config:load:defaults Completed in 15ms
5 timing config:load:file:/home/shaki/.nvm/versions/node/v16.15.0/lib/node_modules/npm/npmrc Completed in 4ms
6 timing config:load:builtin Completed in 6ms
7 timing config:load:cli Completed in 9ms
8 timing config:load:env Completed in 2ms
9 timing config:load:file:/home/shaki/Development/code/prework/phase-0-completing-assignments/.npmrc Completed in 1ms
10 timing config:load:project Completed in 45ms
11 timing config:load:file:/home/shaki/.npmrc Completed in 0ms
12 timing config:load:user Completed in 1ms
13 timing config:load:file:/home/shaki/.nvm/versions/node/v16.15.0/etc/npmrc Completed in 1ms
14 timing config:load:global Completed in 1ms
15 timing config:load:validate Completed in 1ms
16 timing config:load:credentials Completed in 22ms
17 timing config:load:setEnvs Completed in 5ms
18 timing config:load Completed in 111ms
19 timing npm:load:configload Completed in 113ms
20 timing npm:load:setTitle Completed in 2ms
21 timing config:load:flatten Completed in 17ms
22 timing npm:load:display Completed in 20ms
23 verbose logfile /home/shaki/.npm/_logs/2022-05-28T07_54_04_235Z-debug-0.log
24 timing npm:load:logFile Completed in 42ms
25 timing npm:load:timers Completed in 1ms
26 timing npm:load:configScope Completed in 0ms
27 timing npm:load Completed in 182ms
28 http fetch GET 200 https://registry.npmjs.org/mocha-multi 30855ms attempt #2 (cache miss)
29 timing command:view Completed in 30936ms
30 verbose exit 0
31 timing npm Completed in 34098ms
32 info ok
