0 verbose cli [
0 verbose cli   '/home/shaki/.nvm/versions/node/v16.15.0/bin/node',
0 verbose cli   '/home/shaki/.nvm/versions/node/v16.15.0/bin/npm',
0 verbose cli   'install',
0 verbose cli   '--ignore-scripts',
0 verbose cli   '@types/chai-fs@ts4.6',
0 verbose cli   '@types/chai@ts4.6',
0 verbose cli   '@types/jsdom@ts4.6',
0 verbose cli   '@types/mocha@ts4.6',
0 verbose cli   '@types/node@ts4.6',
0 verbose cli   '--save-dev',
0 verbose cli   '--user-agent=typesInstaller/4.6.3'
0 verbose cli ]
1 info using npm@8.5.5
2 info using node@v16.15.0
3 timing npm:load:whichnode Completed in 5ms
4 timing config:load:defaults Completed in 8ms
5 timing config:load:file:/home/shaki/.nvm/versions/node/v16.15.0/lib/node_modules/npm/npmrc Completed in 3ms
6 timing config:load:builtin Completed in 5ms
7 timing config:load:cli Completed in 10ms
8 timing config:load:env Completed in 2ms
9 timing config:load:file:/home/shaki/.cache/typescript/4.6/.npmrc Completed in 0ms
10 timing config:load:project Completed in 37ms
11 timing config:load:file:/home/shaki/.npmrc Completed in 1ms
12 timing config:load:user Completed in 2ms
13 timing config:load:file:/home/shaki/.nvm/versions/node/v16.15.0/etc/npmrc Completed in 0ms
14 timing config:load:global Completed in 2ms
15 timing config:load:validate Completed in 0ms
16 timing config:load:credentials Completed in 4ms
17 timing config:load:setEnvs Completed in 4ms
18 timing config:load Completed in 80ms
19 timing npm:load:configload Completed in 81ms
20 timing npm:load:setTitle Completed in 1ms
21 timing config:load:flatten Completed in 16ms
22 timing npm:load:display Completed in 20ms
23 verbose logfile /home/shaki/.npm/_logs/2022-05-28T07_54_41_926Z-debug-0.log
24 timing npm:load:logFile Completed in 26ms
25 timing npm:load:timers Completed in 0ms
26 timing npm:load:configScope Completed in 0ms
27 timing npm:load Completed in 138ms
28 timing arborist:ctor Completed in 5ms
29 timing idealTree:init Completed in 70ms
30 timing arborist:ctor Completed in 1ms
31 http fetch GET 200 https://registry.npmjs.org/@types%2fmocha 2905ms (cache miss)
32 http fetch GET 200 https://registry.npmjs.org/@types%2fnode 2923ms (cache miss)
33 http fetch GET 200 https://registry.npmjs.org/@types%2fchai-fs 3761ms (cache miss)
34 http fetch GET 200 https://registry.npmjs.org/@types%2fjsdom 4091ms (cache miss)
35 http fetch GET 200 https://registry.npmjs.org/@types%2fchai 4150ms (cache miss)
36 timing idealTree:userRequests Completed in 4178ms
37 silly idealTree buildDeps
38 silly fetch manifest @types/chai-fs@2.0.2
39 silly fetch manifest @types/chai@4.3.1
40 silly fetch manifest @types/jsdom@16.2.14
41 silly fetch manifest @types/mocha@9.1.1
42 silly fetch manifest @types/node@17.0.35
43 silly placeDep ROOT @types/chai@4.3.1 OK for:  want: 4.3.1
44 silly placeDep ROOT @types/chai-fs@2.0.2 OK for:  want: 2.0.2
45 silly placeDep ROOT @types/jsdom@16.2.14 OK for:  want: 16.2.14
46 silly placeDep ROOT @types/mocha@9.1.1 OK for:  want: 9.1.1
47 silly placeDep ROOT @types/node@17.0.35 OK for:  want: 17.0.35
48 silly fetch manifest @types/parse5@*
49 silly fetch manifest @types/tough-cookie@*
50 http fetch GET 200 https://registry.npmjs.org/@types%2ftough-cookie 1988ms (cache miss)
51 http fetch GET 200 https://registry.npmjs.org/@types%2fparse5 3015ms (cache miss)
52 timing idealTree:#root Completed in 3103ms
53 timing idealTree:node_modules/@types/chai Completed in 0ms
54 timing idealTree:node_modules/@types/chai-fs Completed in 1ms
55 silly placeDep ROOT @types/parse5@6.0.3 OK for: @types/jsdom@16.2.14 want: *
56 silly placeDep ROOT @types/tough-cookie@4.0.2 OK for: @types/jsdom@16.2.14 want: *
57 timing idealTree:node_modules/@types/jsdom Completed in 22ms
58 timing idealTree:node_modules/@types/mocha Completed in 0ms
59 timing idealTree:node_modules/@types/node Completed in 0ms
60 timing idealTree:node_modules/@types/parse5 Completed in 0ms
61 timing idealTree:node_modules/@types/tough-cookie Completed in 0ms
62 timing idealTree:buildDeps Completed in 3135ms
63 timing idealTree:fixDepFlags Completed in 5ms
64 timing idealTree Completed in 7394ms
65 timing reify:loadTrees Completed in 7398ms
66 timing reify:diffTrees Completed in 20ms
67 silly reify moves {}
68 timing reify:retireShallow Completed in 2ms
69 timing reify:createSparse Completed in 35ms
70 timing reify:loadBundles Completed in 0ms
71 silly audit bulk request {
71 silly audit   'types-registry': [ '0.1.593' ],
71 silly audit   '@types/chai': [ '4.3.1' ],
71 silly audit   '@types/chai-fs': [ '2.0.2' ],
71 silly audit   '@types/jsdom': [ '16.2.14' ],
71 silly audit   '@types/mocha': [ '9.1.1' ],
71 silly audit   '@types/node': [ '17.0.35' ],
71 silly audit   '@types/parse5': [ '6.0.3' ],
71 silly audit   '@types/tough-cookie': [ '4.0.2' ]
71 silly audit }
72 silly tarball no local data for @types/tough-cookie@https://registry.npmjs.org/@types/tough-cookie/-/tough-cookie-4.0.2.tgz. Extracting by manifest.
73 silly tarball no local data for @types/parse5@https://registry.npmjs.org/@types/parse5/-/parse5-6.0.3.tgz. Extracting by manifest.
74 silly tarball no local data for @types/node@https://registry.npmjs.org/@types/node/-/node-17.0.35.tgz. Extracting by manifest.
75 silly tarball no local data for @types/mocha@https://registry.npmjs.org/@types/mocha/-/mocha-9.1.1.tgz. Extracting by manifest.
76 silly tarball no local data for @types/jsdom@https://registry.npmjs.org/@types/jsdom/-/jsdom-16.2.14.tgz. Extracting by manifest.
77 silly tarball no local data for @types/chai-fs@https://registry.npmjs.org/@types/chai-fs/-/chai-fs-2.0.2.tgz. Extracting by manifest.
78 silly tarball no local data for @types/chai@https://registry.npmjs.org/@types/chai/-/chai-4.3.1.tgz. Extracting by manifest.
79 http fetch POST 200 https://registry.npmjs.org/-/npm/v1/security/advisories/bulk 572ms
80 timing auditReport:getReport Completed in 586ms
81 silly audit report {}
82 timing auditReport:init Completed in 0ms
83 timing reify:audit Completed in 592ms
84 http fetch GET 200 https://registry.npmjs.org/@types/parse5/-/parse5-6.0.3.tgz 993ms (cache miss)
85 timing reifyNode:node_modules/@types/parse5 Completed in 1296ms
86 http fetch GET 200 https://registry.npmjs.org/@types/mocha/-/mocha-9.1.1.tgz 1007ms (cache miss)
87 timing reifyNode:node_modules/@types/mocha Completed in 1362ms
88 http fetch GET 200 https://registry.npmjs.org/@types/chai/-/chai-4.3.1.tgz 1017ms (cache miss)
89 timing reifyNode:node_modules/@types/chai Completed in 1448ms
90 http fetch GET 200 https://registry.npmjs.org/@types/node/-/node-17.0.35.tgz 1308ms (cache miss)
91 timing reifyNode:node_modules/@types/node Completed in 1648ms
92 http fetch GET 200 https://registry.npmjs.org/@types/jsdom/-/jsdom-16.2.14.tgz 1287ms (cache miss)
93 timing reifyNode:node_modules/@types/jsdom Completed in 1662ms
94 http fetch GET 200 https://registry.npmjs.org/@types/chai-fs/-/chai-fs-2.0.2.tgz 1306ms (cache miss)
95 timing reifyNode:node_modules/@types/chai-fs Completed in 1710ms
96 http fetch GET 200 https://registry.npmjs.org/@types/tough-cookie/-/tough-cookie-4.0.2.tgz 1968ms (cache miss)
97 timing reifyNode:node_modules/@types/tough-cookie Completed in 2162ms
98 timing reify:unpack Completed in 2167ms
99 timing reify:unretire Completed in 0ms
100 timing build:queue Completed in 4ms
101 timing build:deps Completed in 6ms
102 timing build Completed in 6ms
103 timing reify:build Completed in 10ms
104 timing reify:trash Completed in 1ms
105 timing reify:save Completed in 51ms
106 timing reify Completed in 9764ms
107 silly ADD node_modules/@types/tough-cookie
108 silly ADD node_modules/@types/parse5
109 silly ADD node_modules/@types/node
110 silly ADD node_modules/@types/mocha
111 silly ADD node_modules/@types/jsdom
112 silly ADD node_modules/@types/chai-fs
113 silly ADD node_modules/@types/chai
114 timing command:install Completed in 9791ms
115 verbose exit 0
116 timing npm Completed in 10783ms
117 info ok
