0 verbose cli [
0 verbose cli   '/home/shaki/.nvm/versions/node/v16.15.0/bin/node',
0 verbose cli   '/home/shaki/.nvm/versions/node/v16.15.0/bin/npm',
0 verbose cli   'install',
0 verbose cli   '--ignore-scripts',
0 verbose cli   'types-registry@latest'
0 verbose cli ]
1 info using npm@8.5.5
2 info using node@v16.15.0
3 timing npm:load:whichnode Completed in 1ms
4 timing config:load:defaults Completed in 39ms
5 timing config:load:file:/home/shaki/.nvm/versions/node/v16.15.0/lib/node_modules/npm/npmrc Completed in 26ms
6 timing config:load:builtin Completed in 27ms
7 timing config:load:cli Completed in 69ms
8 timing config:load:env Completed in 3ms
9 timing config:load:file:/home/shaki/.cache/typescript/4.6/.npmrc Completed in 1ms
10 timing config:load:project Completed in 33ms
11 timing config:load:file:/home/shaki/.npmrc Completed in 0ms
12 timing config:load:user Completed in 3ms
13 timing config:load:file:/home/shaki/.nvm/versions/node/v16.15.0/etc/npmrc Completed in 1ms
14 timing config:load:global Completed in 2ms
15 timing config:load:validate Completed in 1ms
16 timing config:load:credentials Completed in 7ms
17 timing config:load:setEnvs Completed in 7ms
18 timing config:load Completed in 206ms
19 timing npm:load:configload Completed in 210ms
20 timing npm:load:setTitle Completed in 3ms
21 timing config:load:flatten Completed in 29ms
22 timing npm:load:display Completed in 35ms
23 verbose logfile /home/shaki/.npm/_logs/2022-05-28T07_54_28_061Z-debug-0.log
24 timing npm:load:logFile Completed in 40ms
25 timing npm:load:timers Completed in 0ms
26 timing npm:load:configScope Completed in 0ms
27 timing npm:load Completed in 296ms
28 timing arborist:ctor Completed in 6ms
29 timing arborist:ctor Completed in 2ms
30 timing idealTree:init Completed in 103ms
31 http fetch GET 200 https://registry.npmjs.org/types-registry 5527ms (cache miss)
32 timing idealTree:userRequests Completed in 5630ms
33 silly idealTree buildDeps
34 silly fetch manifest types-registry@0.1.593
35 silly placeDep ROOT types-registry@0.1.593 OK for:  want: 0.1.593
36 timing idealTree:#root Completed in 57ms
37 timing idealTree:node_modules/types-registry Completed in 0ms
38 timing idealTree:buildDeps Completed in 66ms
39 timing idealTree:fixDepFlags Completed in 3ms
40 timing idealTree Completed in 5813ms
41 timing reify:loadTrees Completed in 5821ms
42 timing reify:diffTrees Completed in 9ms
43 silly reify moves {}
44 timing reify:retireShallow Completed in 3ms
45 timing reify:createSparse Completed in 20ms
46 timing reify:loadBundles Completed in 0ms
47 silly audit bulk request { 'types-registry': [ '0.1.593' ] }
48 silly tarball no local data for types-registry@https://registry.npmjs.org/types-registry/-/types-registry-0.1.593.tgz. Extracting by manifest.
49 http fetch POST 200 https://registry.npmjs.org/-/npm/v1/security/advisories/bulk 1360ms
50 timing auditReport:getReport Completed in 1366ms
51 silly audit report {}
52 timing auditReport:init Completed in 0ms
53 timing reify:audit Completed in 1383ms
54 http fetch GET 200 https://registry.npmjs.org/npm 8806ms (cache miss)
55 http fetch GET 200 https://registry.npmjs.org/types-registry/-/types-registry-0.1.593.tgz 3019ms (cache miss)
56 timing reifyNode:node_modules/types-registry Completed in 3104ms
57 timing reify:unpack Completed in 3106ms
58 timing reify:unretire Completed in 1ms
59 timing build:queue Completed in 1ms
60 timing build:deps Completed in 3ms
61 timing build Completed in 4ms
62 timing reify:build Completed in 5ms
63 timing reify:trash Completed in 0ms
64 timing reify:save Completed in 19ms
65 timing reify Completed in 9354ms
66 silly ADD node_modules/types-registry
67 timing command:install Completed in 9384ms
68 notice
68 notice New minor version of npm available! 8.5.5 -> 8.11.0
68 notice Changelog: <https://github.com/npm/cli/releases/tag/v8.11.0>
68 notice Run `npm install -g npm@8.11.0` to update!
68 notice
69 verbose exit 0
70 timing npm Completed in 12800ms
71 info ok
