[2022-05-28 00:47:38.161] [exthost] [info] Extension host with pid 693 started
[2022-05-28 00:47:38.434] [exthost] [info] Lock '/home/shaki/.vscode-server/data/User/workspaceStorage/c7d40e365452dbad9824923e4bc22476/vscode.lock': Lock acquired.
[2022-05-28 00:47:39.424] [exthost] [info] ExtensionService#_doActivateExtension vscode.debug-auto-launch, startup: true, activationEvent: '*'
[2022-05-28 00:47:39.590] [exthost] [info] ExtensionService#_doActivateExtension vscode.git-base, startup: true, activationEvent: '*'
[2022-05-28 00:47:39.724] [exthost] [info] ExtensionService#_doActivateExtension vscode.ipynb, startup: true, activationEvent: '*'
[2022-05-28 00:47:39.918] [exthost] [info] ExtensionService#_doActivateExtension vscode.npm, startup: true, activationEvent: 'workspaceContains:package.json'
[2022-05-28 00:47:40.536] [exthost] [info] ExtensionService#_doActivateExtension vscode.github, startup: true, activationEvent: '*'
[2022-05-28 00:47:41.143] [exthost] [info] ExtensionService#_doActivateExtension vscode.emmet, startup: false, activationEvent: 'onStartupFinished'
[2022-05-28 00:47:41.326] [exthost] [info] ExtensionService#_doActivateExtension vscode.merge-conflict, startup: false, activationEvent: 'onStartupFinished'
[2022-05-28 00:47:41.388] [exthost] [info] Eager extensions activated
[2022-05-28 00:48:29.971] [exthost] [info] ExtensionService#_doActivateExtension vscode.git, startup: false, activationEvent: 'api', root cause: vscode.github
[2022-05-28 00:49:07.785] [exthost] [info] ExtensionService#_doActivateExtension vscode.extension-editing, startup: false, activationEvent: 'onLanguage:markdown'
[2022-05-28 00:49:08.015] [exthost] [info] ExtensionService#_doActivateExtension vscode.markdown-language-features, startup: false, activationEvent: 'onLanguage:markdown'
[2022-05-28 00:49:10.658] [exthost] [info] ExtensionService#_doActivateExtension vscode.markdown-math, startup: false, activationEvent: 'api', root cause: vscode.markdown-language-features
[2022-05-28 00:49:12.746] [exthost] [info] ExtensionService#_doActivateExtension vscode.configuration-editing, startup: false, activationEvent: 'onLanguage:json'
[2022-05-28 00:49:13.001] [exthost] [info] ExtensionService#_doActivateExtension vscode.json-language-features, startup: false, activationEvent: 'onLanguage:json'
[2022-05-28 00:49:15.896] [exthost] [info] ExtensionService#_doActivateExtension vscode.typescript-language-features, startup: false, activationEvent: 'onLanguage:jsonc'
[2022-05-28 03:41:19.565] [exthost] [info] Extension host terminating: received terminate message from renderer
[2022-05-28 03:41:19.568] [exthost] [info] Lock '/home/shaki/.vscode-server/data/User/workspaceStorage/c7d40e365452dbad9824923e4bc22476/vscode.lock': Marking the lockfile as scheduled to be released in 6000 ms.
[2022-05-28 03:41:20.358] [exthost] [info] Extension host with pid 693 exiting with code 0
