[2022-05-28T07:48:30.608Z] Validating found git in: git
[2022-05-28T07:48:30.799Z] Using git 2.36.1 from git
[2022-05-28T07:48:30.965Z] > git rev-parse --show-toplevel [122ms]
[2022-05-28T07:48:31.089Z] > git rev-parse --git-dir --git-common-dir [88ms]
[2022-05-28T07:48:31.174Z] Open repository: /home/shaki/Development/code/prework/phase-0-completing-assignments
[2022-05-28T07:48:31.342Z] > git status -z -uall [125ms]
[2022-05-28T07:48:31.402Z] > git symbolic-ref --short HEAD [22ms]
[2022-05-28T07:48:31.449Z] > git for-each-ref --format=%(refname)%00%(upstream:short)%00%(objectname)%00%(upstream:track)%00%(upstream:remotename)%00%(upstream:remoteref) refs/heads/master refs/remotes/master [29ms]
[2022-05-28T07:48:31.491Z] > git remote --verbose [8ms]
[2022-05-28T07:48:31.497Z] > git for-each-ref --sort -committerdate --format %(refname) %(objectname) %(*objectname) [28ms]
[2022-05-28T07:48:31.545Z] > git config --get commit.template [6ms]
[2022-05-28T07:48:31.935Z] > git check-ignore -v -z --stdin [18ms]
[2022-05-28T07:49:09.365Z] > git show --textconv :README.md [45ms]
[2022-05-28T07:49:09.371Z] > git ls-files --stage -- /home/shaki/Development/code/prework/phase-0-completing-assignments/README.md [20ms]
[2022-05-28T07:49:09.412Z] > git cat-file -s 198ab640663c17fbfe82229a1ddcf031813c5089 [21ms]
[2022-05-28T07:49:15.697Z] > git show --textconv :package.json [56ms]
[2022-05-28T07:49:15.731Z] > git ls-files --stage -- /home/shaki/Development/code/prework/phase-0-completing-assignments/package.json [49ms]
[2022-05-28T07:49:16.325Z] > git cat-file -s 22fb8f9c4a8454ab4b5eecaace4b1909a09375e8 [560ms]
[2022-05-28T07:49:35.053Z] > git show --textconv :LICENSE.md [34ms]
[2022-05-28T07:49:35.064Z] > git ls-files --stage -- /home/shaki/Development/code/prework/phase-0-completing-assignments/LICENSE.md [15ms]
[2022-05-28T07:49:35.105Z] > git cat-file -s fbd16f948ec894632fb9e66eff2f5590ee3ff5e8 [12ms]
[2022-05-28T07:49:55.945Z] > git show --textconv :CONTRIBUTING.md [60ms]
[2022-05-28T07:49:55.958Z] > git ls-files --stage -- /home/shaki/Development/code/prework/phase-0-completing-assignments/CONTRIBUTING.md [18ms]
[2022-05-28T07:49:56.007Z] > git cat-file -s 884a03abfa21ed53e468ee19ee19ee58ee412ce2 [21ms]
[2022-05-28T07:50:11.061Z] > git show --textconv :package.json [44ms]
[2022-05-28T07:50:11.075Z] > git ls-files --stage -- /home/shaki/Development/code/prework/phase-0-completing-assignments/package.json [30ms]
[2022-05-28T07:50:11.111Z] > git cat-file -s 22fb8f9c4a8454ab4b5eecaace4b1909a09375e8 [10ms]
[2022-05-28T07:50:46.521Z] > git show --textconv :README.md [62ms]
[2022-05-28T07:50:46.522Z] > git ls-files --stage -- /home/shaki/Development/code/prework/phase-0-completing-assignments/README.md [25ms]
[2022-05-28T07:50:46.602Z] > git cat-file -s 198ab640663c17fbfe82229a1ddcf031813c5089 [13ms]
[2022-05-28T07:51:57.937Z] > git show --textconv :package.json [34ms]
[2022-05-28T07:51:57.941Z] > git ls-files --stage -- /home/shaki/Development/code/prework/phase-0-completing-assignments/package.json [14ms]
[2022-05-28T07:51:57.962Z] > git cat-file -s 22fb8f9c4a8454ab4b5eecaace4b1909a09375e8 [5ms]
[2022-05-28T07:51:59.891Z] > git show --textconv :README.md [62ms]
[2022-05-28T07:51:59.896Z] > git ls-files --stage -- /home/shaki/Development/code/prework/phase-0-completing-assignments/README.md [23ms]
[2022-05-28T07:51:59.956Z] > git cat-file -s 198ab640663c17fbfe82229a1ddcf031813c5089 [22ms]
[2022-05-28T07:53:42.787Z] > git show --textconv :package.json [60ms]
[2022-05-28T07:53:42.793Z] > git ls-files --stage -- /home/shaki/Development/code/prework/phase-0-completing-assignments/package.json [22ms]
[2022-05-28T07:53:42.845Z] > git cat-file -s 22fb8f9c4a8454ab4b5eecaace4b1909a09375e8 [14ms]
[2022-05-28T07:53:47.707Z] > git check-ignore -v -z --stdin [5ms]
[2022-05-28T07:54:23.299Z] > git show --textconv :test/index-test.js [208ms]
[2022-05-28T07:54:23.332Z] > git ls-files --stage -- /home/shaki/Development/code/prework/phase-0-completing-assignments/test/index-test.js [163ms]
[2022-05-28T07:54:23.410Z] > git cat-file -s 218657a59c29a85f67784d1b7c157dd069b21608 [23ms]
[2022-05-28T07:54:36.090Z] > git show --textconv :.canvas [94ms]
[2022-05-28T07:54:36.107Z] > git ls-files --stage -- /home/shaki/Development/code/prework/phase-0-completing-assignments/.canvas [40ms]
[2022-05-28T07:54:36.201Z] > git cat-file -s a2f73b530d4413f50f51dd1f8806942c9c186884 [18ms]
[2022-05-28T08:22:27.381Z] > git check-ignore -v -z --stdin [7ms]
[2022-05-28T08:22:45.397Z] > git status -z -uall [15ms]
[2022-05-28T08:22:45.436Z] > git symbolic-ref --short HEAD [9ms]
[2022-05-28T08:22:45.461Z] > git for-each-ref --format=%(refname)%00%(upstream:short)%00%(objectname)%00%(upstream:track)%00%(upstream:remotename)%00%(upstream:remoteref) refs/heads/master refs/remotes/master [7ms]
[2022-05-28T08:22:45.501Z] > git remote --verbose [6ms]
[2022-05-28T08:22:45.503Z] > git for-each-ref --sort -committerdate --format %(refname) %(objectname) %(*objectname) [23ms]
[2022-05-28T08:22:45.579Z] > git check-ignore -v -z --stdin [25ms]
[2022-05-28T08:22:45.583Z] > git config --get commit.template [11ms]
[2022-05-28T08:22:50.355Z] > git check-ignore -v -z --stdin [4ms]
[2022-05-28T08:22:50.615Z] > git status -z -uall [9ms]
[2022-05-28T08:22:50.638Z] > git symbolic-ref --short HEAD [9ms]
[2022-05-28T08:22:50.659Z] > git for-each-ref --format=%(refname)%00%(upstream:short)%00%(objectname)%00%(upstream:track)%00%(upstream:remotename)%00%(upstream:remoteref) refs/heads/master refs/remotes/master [7ms]
[2022-05-28T08:22:50.693Z] > git for-each-ref --sort -committerdate --format %(refname) %(objectname) %(*objectname) [18ms]
[2022-05-28T08:22:50.695Z] > git remote --verbose [6ms]
[2022-05-28T08:22:50.727Z] > git config --get commit.template [6ms]
[2022-05-28T08:26:30.685Z] > git status -z -uall [32ms]
[2022-05-28T08:26:30.736Z] > git symbolic-ref --short HEAD [16ms]
[2022-05-28T08:26:30.811Z] > git for-each-ref --format=%(refname)%00%(upstream:short)%00%(objectname)%00%(upstream:track)%00%(upstream:remotename)%00%(upstream:remoteref) refs/heads/master refs/remotes/master [30ms]
[2022-05-28T08:26:30.891Z] > git for-each-ref --sort -committerdate --format %(refname) %(objectname) %(*objectname) [48ms]
[2022-05-28T08:26:30.907Z] > git remote --verbose [20ms]
[2022-05-28T08:26:31.012Z] > git config --get commit.template [16ms]
[2022-05-28T08:49:10.642Z] > git status -z -uall [9ms]
[2022-05-28T08:49:10.665Z] > git symbolic-ref --short HEAD [8ms]
[2022-05-28T08:49:10.691Z] > git for-each-ref --format=%(refname)%00%(upstream:short)%00%(objectname)%00%(upstream:track)%00%(upstream:remotename)%00%(upstream:remoteref) refs/heads/master refs/remotes/master [7ms]
[2022-05-28T08:49:10.722Z] > git for-each-ref --sort -committerdate --format %(refname) %(objectname) %(*objectname) [16ms]
[2022-05-28T08:49:10.724Z] > git remote --verbose [5ms]
[2022-05-28T08:49:10.756Z] > git config --get commit.template [5ms]
[2022-05-28T08:49:12.517Z] > git ls-files --stage -- /home/shaki/Development/code/prework/phase-0-completing-assignments/.canvas [6ms]
[2022-05-28T08:49:12.538Z] > git cat-file -s a2f73b530d4413f50f51dd1f8806942c9c186884 [7ms]
[2022-05-28T08:49:12.583Z] > git show --textconv :.canvas [10ms]
[2022-05-28T09:21:57.690Z] > git status -z -uall [15ms]
[2022-05-28T09:21:57.833Z] > git symbolic-ref --short HEAD [15ms]
[2022-05-28T09:21:57.958Z] > git for-each-ref --format=%(refname)%00%(upstream:short)%00%(objectname)%00%(upstream:track)%00%(upstream:remotename)%00%(upstream:remoteref) refs/heads/master refs/remotes/master [19ms]
[2022-05-28T09:21:58.062Z] > git for-each-ref --sort -committerdate --format %(refname) %(objectname) %(*objectname) [64ms]
[2022-05-28T09:21:58.077Z] > git remote --verbose [31ms]
[2022-05-28T09:21:58.192Z] > git config --get commit.template [10ms]
[2022-05-28T09:24:57.788Z] > git status -z -uall [28ms]
[2022-05-28T09:24:57.847Z] > git symbolic-ref --short HEAD [16ms]
[2022-05-28T09:24:57.898Z] > git for-each-ref --format=%(refname)%00%(upstream:short)%00%(objectname)%00%(upstream:track)%00%(upstream:remotename)%00%(upstream:remoteref) refs/heads/master refs/remotes/master [28ms]
[2022-05-28T09:24:58.011Z] > git for-each-ref --sort -committerdate --format %(refname) %(objectname) %(*objectname) [79ms]
[2022-05-28T09:24:58.026Z] > git remote --verbose [32ms]
[2022-05-28T09:24:58.118Z] > git config --get commit.template [15ms]
[2022-05-28T10:22:14.378Z] > git status -z -uall [16ms]
[2022-05-28T10:22:14.425Z] > git symbolic-ref --short HEAD [20ms]
[2022-05-28T10:22:14.485Z] > git for-each-ref --format=%(refname)%00%(upstream:short)%00%(objectname)%00%(upstream:track)%00%(upstream:remotename)%00%(upstream:remoteref) refs/heads/master refs/remotes/master [17ms]
[2022-05-28T10:22:14.579Z] > git for-each-ref --sort -committerdate --format %(refname) %(objectname) %(*objectname) [48ms]
[2022-05-28T10:22:14.608Z] > git remote --verbose [34ms]
[2022-05-28T10:22:14.673Z] > git config --get commit.template [6ms]
[2022-05-28T10:22:19.250Z] > git ls-files --stage -- /home/shaki/Development/code/prework/phase-0-completing-assignments/.canvas [15ms]
[2022-05-28T10:22:19.296Z] > git cat-file -s a2f73b530d4413f50f51dd1f8806942c9c186884 [7ms]
[2022-05-28T10:22:19.442Z] > git show --textconv :.canvas [16ms]
[2022-05-28T10:35:00.454Z] > git status -z -uall [57ms]
[2022-05-28T10:35:00.527Z] > git symbolic-ref --short HEAD [17ms]
[2022-05-28T10:35:00.597Z] > git for-each-ref --format=%(refname)%00%(upstream:short)%00%(objectname)%00%(upstream:track)%00%(upstream:remotename)%00%(upstream:remoteref) refs/heads/master refs/remotes/master [19ms]
[2022-05-28T10:35:00.708Z] > git for-each-ref --sort -committerdate --format %(refname) %(objectname) %(*objectname) [68ms]
[2022-05-28T10:35:00.711Z] > git remote --verbose [22ms]
[2022-05-28T10:35:00.815Z] > git config --get commit.template [12ms]
[2022-05-28T10:35:05.863Z] > git status -z -uall [12ms]
[2022-05-28T10:35:05.896Z] > git symbolic-ref --short HEAD [11ms]
[2022-05-28T10:35:05.917Z] > git for-each-ref --format=%(refname)%00%(upstream:short)%00%(objectname)%00%(upstream:track)%00%(upstream:remotename)%00%(upstream:remoteref) refs/heads/master refs/remotes/master [6ms]
[2022-05-28T10:35:05.958Z] > git remote --verbose [6ms]
[2022-05-28T10:35:05.959Z] > git for-each-ref --sort -committerdate --format %(refname) %(objectname) %(*objectname) [24ms]
[2022-05-28T10:35:06.003Z] > git config --get commit.template [11ms]
